<?xml version="1.0" encoding="UTF-8"?>
<!-- Generated by org.testng.reporters.JUnitXMLReporter -->
<testsuite ignored="0" hostname="AKSHAY-1106" failures="0" tests="2" name="Testrunner2" time="127.608" errors="0" timestamp="2021-11-15T17:33:04 IST">
  <testcase classname="com.vtiger.genericLib.BaseClass" name="@AfterMethod logout" time="0.012">
    <failure type="java.lang.NullPointerException">
      <![CDATA[java.lang.NullPointerException
at java.base/java.util.Objects.requireNonNull(Objects.java:208)
at org.openqa.selenium.interactions.Actions.<init>(Actions.java:65)
at com.vtiger.genericLib.WebDriverUtility.mouseHover(WebDriverUtility.java:61)
at com.vtiger.objectRepository.HomeClass.signOutFromApp(HomeClass.java:53)
at com.vtiger.genericLib.BaseClass.logout(BaseClass.java:60)
at java.base/java.util.concurrent.ThreadPoolExecutor.runWorker(ThreadPoolExecutor.java:1130)
at java.base/java.util.concurrent.ThreadPoolExecutor$Worker.run(ThreadPoolExecutor.java:630)
at java.base/java.lang.Thread.run(Thread.java:831)
... Removed 17 stack frames]]>
    </failure>
  </testcase> <!-- @AfterMethod logout -->
  <testcase classname="com.vtiger.genericLib.BaseClass" name="@AfterClass closeBrowser" time="-1.636977744027E9">
    <skipped/>
  </testcase> <!-- @AfterClass closeBrowser -->
  <testcase classname="com.vtiger.genericLib.BaseClass" name="@AfterMethod logout" time="0.006">
    <failure type="java.lang.NullPointerException">
      <![CDATA[java.lang.NullPointerException
at java.base/java.util.Objects.requireNonNull(Objects.java:208)
at org.openqa.selenium.interactions.Actions.<init>(Actions.java:65)
at com.vtiger.genericLib.WebDriverUtility.mouseHover(WebDriverUtility.java:61)
at com.vtiger.objectRepository.HomeClass.signOutFromApp(HomeClass.java:53)
at com.vtiger.genericLib.BaseClass.logout(BaseClass.java:60)
at java.base/java.util.concurrent.ThreadPoolExecutor.runWorker(ThreadPoolExecutor.java:1130)
at java.base/java.util.concurrent.ThreadPoolExecutor$Worker.run(ThreadPoolExecutor.java:630)
at java.base/java.lang.Thread.run(Thread.java:831)
... Removed 17 stack frames]]>
    </failure>
  </testcase> <!-- @AfterMethod logout -->
  <testcase classname="com.vtiger.genericLib.BaseClass" name="@AfterClass closeBrowser" time="-1.636977784848E9">
    <skipped/>
  </testcase> <!-- @AfterClass closeBrowser -->
  <testcase classname="com.vtiger.purchaseorder.CreatePOwithMandatoryExceptItemTest" name="createPOwithMandatoryExceptItemTest" time="64.882"/>
  <testcase classname="com.vtiger.purchaseorder.CreatePOwithItemWOlistPriceTest" name="createPOwithItemWOlistPriceTest" time="99.584"/>
</testsuite> <!-- Testrunner2 -->
