<?xml version="1.0" encoding="UTF-8"?>
<!-- Generated by org.testng.reporters.JUnitXMLReporter -->
<testsuite ignored="0" hostname="AKSHAY-1106" failures="0" tests="4" name="Test" time="161.429" errors="0" timestamp="2021-11-15T15:11:16 IST">
  <testcase classname="com.vtiger.genericLib.BaseClass" name="@AfterMethod logout" time="0.023">
    <failure type="java.lang.NullPointerException">
      <![CDATA[java.lang.NullPointerException
at java.base/java.util.Objects.requireNonNull(Objects.java:208)
at org.openqa.selenium.interactions.Actions.<init>(Actions.java:65)
at com.vtiger.genericLib.WebDriverUtility.mouseHover(WebDriverUtility.java:60)
at com.vtiger.objectRepository.HomeClass.signOutFromApp(HomeClass.java:53)
at com.vtiger.genericLib.BaseClass.logout(BaseClass.java:58)
at java.base/java.util.ArrayList.forEach(ArrayList.java:1511)
... Removed 32 stack frames]]>
    </failure>
  </testcase> <!-- @AfterMethod logout -->
  <testcase classname="com.vtiger.genericLib.BaseClass" name="@AfterClass closeBrowser" time="-1.636969213965E9">
    <skipped/>
  </testcase> <!-- @AfterClass closeBrowser -->
  <testcase classname="com.vtiger.testscripts.AddIndustryInOrganisationTest" name="addIndustryInOrganisationTest" time="71.231"/>
  <testcase classname="com.vtiger.testscripts.CreateOrganisationTest" name="createOrganisation" time="12.064"/>
  <testcase classname="com.vtiger.testscripts.AddOrganisationTest" name="addOrganisationTest" time="14.471"/>
  <testcase classname="com.vtiger.testscripts.AddContactOfOrganisationTest" name="addContactOfOrganisationTest" time="48.138"/>
</testsuite> <!-- Test -->
